<?xml version="1.0" encoding="UTF-8"?>
<!-- Generated by org.testng.reporters.JUnitReportReporter -->
<testsuite hostname="SUCCESS" name="testcases.ExcelLogin" tests="1" failures="0" timestamp="3 Feb 2017 16:34:24 GMT" time="4.856" errors="0">
  <testcase name="login" time="4.856" classname="testcases.ExcelLogin"/>
</testsuite> <!-- testcases.ExcelLogin -->
