<?xml version="1.0" encoding="UTF-8"?>
<!-- Generated by org.testng.reporters.JUnitReportReporter -->
<testsuite hostname="SUCCESS" name="week6day1.CW3" tests="1" failures="0" timestamp="7 Jan 2017 06:07:35 GMT" time="14.382" errors="0">
  <testcase name="sort" time="14.382" classname="week6day1.CW3"/>
</testsuite> <!-- week6day1.CW3 -->
