<?xml version="1.0" encoding="UTF-8"?>
<!-- Generated by org.testng.reporters.JUnitReportReporter -->
<testsuite hostname="SUCCESS" name="week6day1.CW2" tests="1" failures="0" timestamp="7 Jan 2017 05:55:51 GMT" time="11.931" errors="0">
  <testcase name="resize" time="11.931" classname="week6day1.CW2"/>
</testsuite> <!-- week6day1.CW2 -->
