<?xml version="1.0" encoding="UTF-8"?>
<!-- Generated by org.testng.reporters.JUnitReportReporter -->
<testsuite skipped="0" hostname="DESKTOP-KCLG1PR" name="testcases.TestCase1" tests="2" failures="0" timestamp="2023-02-19T14:05:04 EST" time="114.114" errors="0">
  <testcase name="testCase1" time="60.016" classname="testcases.TestCase1"/>
  <system-out/>
  <testcase name="testCase1" time="54.098" classname="testcases.TestCase1"/>
  <system-out/>
</testsuite> <!-- testcases.TestCase1 -->
