<?xml version="1.0" encoding="UTF-8"?>
<!-- Generated by org.testng.reporters.JUnitReportReporter -->
<testsuite hostname="SUCCESS" name="testcases.DeleteLead" tests="1" failures="0" timestamp="5 May 2018 03:33:05 GMT" time="70.313" errors="0">
  <testcase name="DEL" time="70.313" classname="testcases.DeleteLead"/>
</testsuite> <!-- testcases.DeleteLead -->
