<?xml version="1.0" encoding="UTF-8"?>
<!-- Generated by org.testng.reporters.JUnitReportReporter -->
<testsuite skipped="0" hostname="DESKTOP-KCLG1PR" name="testcases.TestCase1" tests="2" failures="0" timestamp="2023-02-20T11:06:28 EST" time="126.649" errors="0">
  <testcase name="testCase1" time="62.456" classname="testcases.TestCase1"/>
  <system-out/>
  <testcase name="testCase1" time="64.193" classname="testcases.TestCase1"/>
  <system-out/>
</testsuite> <!-- testcases.TestCase1 -->
