<?xml version="1.0" encoding="UTF-8"?>
<!-- Generated by org.testng.reporters.JUnitReportReporter -->
<testsuite hostname="SUCCESS" name="testcases.TC001_Login" tests="3" failures="0" timestamp="31 Dec 2016 09:30:07 GMT" time="41.856" errors="0">
  <testcase name="login" time="12.690" classname="testcases.TC001_Login"/>
  <testcase name="login" time="11.469" classname="testcases.TC001_Login"/>
  <testcase name="login" time="17.697" classname="testcases.TC001_Login"/>
</testsuite> <!-- testcases.TC001_Login -->
