<?xml version="1.0" encoding="UTF-8"?>
<!-- Generated by org.testng.reporters.JUnitReportReporter -->
<testsuite hostname="SUCCESS" name="keyword.RunKeywordScripts" tests="1" failures="0" timestamp="8 May 2018 12:17:41 GMT" time="40.238" errors="0">
  <testcase name="runScripts" time="40.238" classname="keyword.RunKeywordScripts"/>
</testsuite> <!-- keyword.RunKeywordScripts -->
