<?xml version="1.0" encoding="UTF-8"?>
<!-- Generated by org.testng.reporters.JUnitReportReporter -->
<testsuite hostname="SUCCESS" name="testcases.WritetoExcel" tests="1" failures="0" timestamp="5 May 2018 03:41:52 GMT" time="2.152" errors="0">
  <testcase name="writedatatoexcel" time="2.152" classname="testcases.WritetoExcel"/>
</testsuite> <!-- testcases.WritetoExcel -->
