<?xml version="1.0" encoding="UTF-8"?>
<!-- Generated by org.testng.reporters.JUnitReportReporter -->
<testsuite hostname="SUCCESS" name="testcases.CreateLead" tests="1" failures="0" timestamp="5 May 2018 03:33:05 GMT" time="46.549" errors="0">
  <testcase name="login" time="46.549" classname="testcases.CreateLead"/>
</testsuite> <!-- testcases.CreateLead -->
