<?xml version="1.0" encoding="UTF-8"?>
<!-- Generated by org.testng.reporters.JUnitReportReporter -->
<testsuite hostname="SUCCESS" name="week6day1.CW1" tests="1" failures="0" timestamp="7 Jan 2017 11:36:13 GMT" time="14.385" errors="0">
  <testcase name="drag" time="14.385" classname="week6day1.CW1"/>
</testsuite> <!-- week6day1.CW1 -->
