<?xml version="1.0" encoding="UTF-8"?>
<!-- Generated by org.testng.reporters.JUnitReportReporter -->
<testsuite hostname="SUCCESS" name="week6day1.CW1$CreateLead" tests="1" failures="0" timestamp="7 Jan 2017 12:25:10 GMT" time="29.569" errors="0">
  <testcase name="drag" time="29.569" classname="week6day1.CW1$CreateLead"/>
</testsuite> <!-- week6day1.CW1$CreateLead -->
